Arguments: 
  C:\Program Files\nodejs\node.exe C:\Users\Jose\AppData\Roaming\npm\node_modules\yarn\bin\yarn.js init --y

PATH: 
  C:\Program Files (x86)\Common Files\Oracle\Java\javapath;C:\Windows\system32;C:\Windows;C:\Windows\System32\Wbem;C:\Windows\System32\WindowsPowerShell\v1.0\;C:\Windows\System32\OpenSSH\;C:\Program Files\nodejs\;C:\ProgramData\chocolatey\bin;C:\Program Files\Git\cmd;C:\Program Files\dotnet\;C:\composer;C:\Program Files\TortoiseSVN\bin;C:\laragon\bin;C:\laragon\bin\apache\httpd-2.4.35-win64-VC15\bin;C:\laragon\bin\composer;C:\laragon\bin\git\bin;C:\laragon\bin\git\cmd;C:\laragon\bin\git\mingw64\bin;C:\laragon\bin\git\usr\bin;C:\laragon\bin\laragon\utils;C:\laragon\bin\mysql\mysql-5.7.24-winx64\bin;C:\laragon\bin\nginx\nginx-1.16.0;C:\laragon\bin\ngrok;C:\laragon\bin\nodejs\node-v12;C:\laragon\bin\notepad++;C:\laragon\bin\php\php;C:\laragon\bin\putty;C:\laragon\bin\redis\redis-x64-3.2.100;C:\laragon\bin\telnet;C:\laragon\usr\bin;C:\Users\Jose\AppData\Local\Yarn\config\global\node_modules\.bin;C:\Users\Jose\AppData\Roaming\Composer\vendor\bin;C:\Users\Jose\AppData\Roaming\npm;C:\Users\Jose\AppData\Local\Programs\Python\Python39\Scripts\;C:\Users\Jose\AppData\Local\Programs\Python\Python39\;C:\Users\Jose\AppData\Local\Microsoft\WindowsApps;C:\Users\Jose\AppData\Local\Programs\Microsoft VS Code\bin;C:\Users\Jose\AppData\Local\GitHubDesktop\bin;C:\Program Files\PostgreSQL\9.6\bin;C:\xampp\php;C:\Program Files\Git\bin;C:\Program Files\MongoDB\Server\4.4\bin;C:\Program Files\JetBrains\DataGrip 2020.3.2\bin;C:\Program Files\mysql-5.7.33-winx64\bin;C:\Program Files\JetBrains\PhpStorm 2020.3.2\bin;

Yarn version: 
  1.22.10

Node version: 
  14.15.4

Platform: 
  win32 x64

Trace: 
  Error: canceled
      at Interface.<anonymous> (C:\Users\Jose\AppData\Roaming\npm\node_modules\yarn\lib\cli.js:136216:13)
      at Interface.emit (events.js:315:20)
      at Interface._ttyWrite (readline.js:875:16)
      at ReadStream.onkeypress (readline.js:213:10)
      at ReadStream.emit (events.js:315:20)
      at emitKeys (internal/readline/utils.js:345:14)
      at emitKeys.next (<anonymous>)
      at ReadStream.onData (readline.js:1144:36)
      at ReadStream.emit (events.js:315:20)
      at addChunk (internal/streams/readable.js:309:12)

npm manifest: 
  No manifest

yarn manifest: 
  No manifest

Lockfile: 
  No lockfile
